<?xml version="1.0" encoding="UTF-8"?>
<testsuite name="com.example.gabrielcuenca.spaceinvaders.ExampleUnitTest" tests="1" skipped="0" failures="0" errors="0" timestamp="2019-02-25T11:02:06" hostname="DESKTOP-RBTDD76" time="0.001">
  <properties/>
  <testcase name="addition_isCorrect" classname="com.example.gabrielcuenca.spaceinvaders.ExampleUnitTest" time="0.001"/>
  <system-out><![CDATA[]]></system-out>
  <system-err><![CDATA[]]></system-err>
</testsuite>
