<?xml version="1.0" encoding="UTF-8"?>
<testsuite name="com.example.gabrielcuenca.spaceinvaders.InvaderTest" tests="1" skipped="0" failures="0" errors="0" timestamp="2019-02-22T17:31:19" hostname="DESKTOP-3K5UV35" time="0.002">
  <properties/>
  <testcase name="automaticMove" classname="com.example.gabrielcuenca.spaceinvaders.InvaderTest" time="0.002"/>
  <system-out><![CDATA[]]></system-out>
  <system-err><![CDATA[]]></system-err>
</testsuite>
